<?xml version="1.0" encoding="UTF-8"?>
<!-- Generated by org.testng.reporters.JUnitReportReporter -->
<testsuite hostname="LAPTOP-JQVMQA1E" name="forTesting.Testing" tests="1" failures="0" timestamp="26 Aug 2017 08:08:35 GMT" time="0.004" errors="0">
  <testcase name="paste_xml" time="0.004" classname="forTesting.Testing"/>
</testsuite> <!-- forTesting.Testing -->
