<?xml version="1.0" encoding="UTF-8"?>
<!-- Generated by org.testng.reporters.JUnitReportReporter -->
<testsuite hostname="LAPTOP-JQVMQA1E" name="Test.Showdata" tests="1" failures="0" timestamp="9 Jul 2017 09:37:38 GMT" time="0.022" errors="0">
  <testcase name="showdata" time="0.022" classname="Test.Showdata"/>
</testsuite> <!-- Test.Showdata -->
